<?xml version="1.0" encoding="UTF-8"?>
<testng-results skipped="0" failed="0" total="1" passed="1">
  <reporter-output>
  </reporter-output>
  <suite name="Default suite" duration-ms="23" started-at="2014-02-28T08:30:16Z" finished-at="2014-02-28T08:30:16Z">
    <groups>
    </groups>
    <test name="Default test" duration-ms="23" started-at="2014-02-28T08:30:16Z" finished-at="2014-02-28T08:30:16Z">
      <class name="yadarts.server.resources.RootResourceTest">
        <test-method status="PASS" signature="testResource()[pri:0, instance:yadarts.server.resources.RootResourceTest@7bd94799]" name="testResource" duration-ms="9" started-at="2014-02-28T09:30:16Z" finished-at="2014-02-28T09:30:16Z">
          <reporter-output>
          </reporter-output>
        </test-method> <!-- testResource -->
      </class> <!-- yadarts.server.resources.RootResourceTest -->
    </test> <!-- Default test -->
  </suite> <!-- Default suite -->
</testng-results>
